This is pdfTeX, Version 3.1415926-2.5-1.40.14 (MiKTeX 2.9) (preloaded format=pdflatex 2014.1.14)  16 JAN 2014 17:33
entering extended mode
**GAGA_vignette.tex

(N:\MORGAN\ChrisW\documents\projects\131213_gaga\GAGA\vignettes\GAGA_vignette.t
ex
LaTeX2e <2011/06/27>
Babel <v3.8m> and hyphenation patterns for english, afrikaans, ancientgreek, ar
abic, armenian, assamese, basque, bengali, bokmal, bulgarian, catalan, coptic, 
croatian, czech, danish, dutch, esperanto, estonian, farsi, finnish, french, ga
lician, german, german-x-2013-05-26, greek, gujarati, hindi, hungarian, iceland
ic, indonesian, interlingua, irish, italian, kannada, kurmanji, latin, latvian,
 lithuanian, malayalam, marathi, mongolian, mongolianlmc, monogreek, ngerman, n
german-x-2013-05-26, nynorsk, oriya, panjabi, pinyin, polish, portuguese, roman
ian, russian, sanskrit, serbian, slovak, slovenian, spanish, swedish, swissgerm
an, tamil, telugu, turkish, turkmen, ukenglish, ukrainian, uppersorbian, usengl
ishmax, welsh, loaded.
("C:\Program Files (x86)\MiKTeX 2.9\tex\latex\base\article.cls"
Document Class: article 2007/10/19 v1.4h Standard LaTeX document class
("C:\Program Files (x86)\MiKTeX 2.9\tex\latex\base\size10.clo"
File: size10.clo 2007/10/19 v1.4h Standard LaTeX file (size option)
)
\c@part=\count79
\c@section=\count80
\c@subsection=\count81
\c@subsubsection=\count82
\c@paragraph=\count83
\c@subparagraph=\count84
\c@figure=\count85
\c@table=\count86
\abovecaptionskip=\skip41
\belowcaptionskip=\skip42
\bibindent=\dimen102
)
("C:\Program Files (x86)\MiKTeX 2.9\tex\latex\graphics\graphicx.sty"
Package: graphicx 1999/02/16 v1.0f Enhanced LaTeX Graphics (DPC,SPQR)

("C:\Program Files (x86)\MiKTeX 2.9\tex\latex\graphics\keyval.sty"
Package: keyval 1999/03/16 v1.13 key=value parser (DPC)
\KV@toks@=\toks14
)
("C:\Program Files (x86)\MiKTeX 2.9\tex\latex\graphics\graphics.sty"
Package: graphics 2009/02/05 v1.0o Standard LaTeX Graphics (DPC,SPQR)

("C:\Program Files (x86)\MiKTeX 2.9\tex\latex\graphics\trig.sty"
Package: trig 1999/03/16 v1.09 sin cos tan (DPC)
)
("C:\Program Files (x86)\MiKTeX 2.9\tex\latex\00miktex\graphics.cfg"
File: graphics.cfg 2007/01/18 v1.5 graphics configuration of teTeX/TeXLive
)
Package graphics Info: Driver file: pdftex.def on input line 91.

("C:\Program Files (x86)\MiKTeX 2.9\tex\latex\pdftex-def\pdftex.def"
File: pdftex.def 2011/05/27 v0.06d Graphics/color for pdfTeX

("C:\Program Files (x86)\MiKTeX 2.9\tex\generic\oberdiek\infwarerr.sty"
Package: infwarerr 2010/04/08 v1.3 Providing info/warning/error messages (HO)
)
("C:\Program Files (x86)\MiKTeX 2.9\tex\generic\oberdiek\ltxcmds.sty"
Package: ltxcmds 2011/11/09 v1.22 LaTeX kernel commands for general use (HO)
)
\Gread@gobject=\count87
))
\Gin@req@height=\dimen103
\Gin@req@width=\dimen104
)
("C:\Program Files (x86)\MiKTeX 2.9\tex\latex\graphics\color.sty"
Package: color 2005/11/14 v1.0j Standard LaTeX Color (DPC)

("C:\Program Files (x86)\MiKTeX 2.9\tex\latex\00miktex\color.cfg"
File: color.cfg 2007/01/18 v1.5 color configuration of teTeX/TeXLive
)
Package color Info: Driver file: pdftex.def on input line 130.
)
(N:\MORGAN\ChrisW\documents\projects\131213_gaga\GAGA\vignettes\framed.sty
Package: framed 2011/10/22 v 0.96: framed or shaded text with page breaks
\OuterFrameSep=\skip43
\fb@frw=\dimen105
\fb@frh=\dimen106
\FrameRule=\dimen107
\FrameSep=\dimen108
)
("C:\Program Files (x86)\MiKTeX 2.9\tex\latex\base\alltt.sty"
Package: alltt 1997/06/16 v2.0g defines alltt environment
)
("C:\Program Files (x86)\MiKTeX 2.9\tex\latex\hyperref\hyperref.sty"
Package: hyperref 2012/11/06 v6.83m Hypertext links for LaTeX

("C:\Program Files (x86)\MiKTeX 2.9\tex\generic\oberdiek\hobsub-hyperref.sty"
Package: hobsub-hyperref 2012/04/25 v1.12 Bundle oberdiek, subset hyperref (HO)


("C:\Program Files (x86)\MiKTeX 2.9\tex\generic\oberdiek\hobsub-generic.sty"
Package: hobsub-generic 2012/04/25 v1.12 Bundle oberdiek, subset generic (HO)
Package: hobsub 2012/04/25 v1.12 Construct package bundles (HO)
Package hobsub Info: Skipping package `infwarerr' (already loaded).
Package hobsub Info: Skipping package `ltxcmds' (already loaded).
Package: ifluatex 2010/03/01 v1.3 Provides the ifluatex switch (HO)
Package ifluatex Info: LuaTeX not detected.
Package: ifvtex 2010/03/01 v1.5 Detect VTeX and its facilities (HO)
Package ifvtex Info: VTeX not detected.
Package: intcalc 2007/09/27 v1.1 Expandable calculations with integers (HO)
Package: ifpdf 2011/01/30 v2.3 Provides the ifpdf switch (HO)
Package ifpdf Info: pdfTeX in PDF mode is detected.
Package: etexcmds 2011/02/16 v1.5 Avoid name clashes with e-TeX commands (HO)
Package etexcmds Info: Could not find \expanded.
(etexcmds)             That can mean that you are not using pdfTeX 1.50 or
(etexcmds)             that some package has redefined \expanded.
(etexcmds)             In the latter case, load this package earlier.
Package: kvsetkeys 2012/04/25 v1.16 Key value parser (HO)
Package: kvdefinekeys 2011/04/07 v1.3 Define keys (HO)
Package: pdftexcmds 2011/11/29 v0.20 Utility functions of pdfTeX for LuaTeX (HO
)
Package pdftexcmds Info: LuaTeX not detected.
Package pdftexcmds Info: \pdf@primitive is available.
Package pdftexcmds Info: \pdf@ifprimitive is available.
Package pdftexcmds Info: \pdfdraftmode found.
Package: pdfescape 2011/11/25 v1.13 Implements pdfTeX's escape features (HO)
Package: bigintcalc 2012/04/08 v1.3 Expandable calculations on big integers (HO
)
Package: bitset 2011/01/30 v1.1 Handle bit-vector datatype (HO)
Package: uniquecounter 2011/01/30 v1.2 Provide unlimited unique counter (HO)
)
Package hobsub Info: Skipping package `hobsub' (already loaded).
Package: letltxmacro 2010/09/02 v1.4 Let assignment for LaTeX macros (HO)
Package: hopatch 2011/06/24 v1.1 Wrapper for package hooks (HO)
Package: xcolor-patch 2011/01/30 xcolor patch
Package: atveryend 2011/06/30 v1.8 Hooks at the very end of document (HO)
Package atveryend Info: \enddocument detected (standard20110627).
Package: atbegshi 2011/10/05 v1.16 At begin shipout hook (HO)
Package: refcount 2011/10/16 v3.4 Data extraction from label references (HO)
Package: hycolor 2011/01/30 v1.7 Color options for hyperref/bookmark (HO)
)
("C:\Program Files (x86)\MiKTeX 2.9\tex\generic\ifxetex\ifxetex.sty"
Package: ifxetex 2010/09/12 v0.6 Provides ifxetex conditional
)
("C:\Program Files (x86)\MiKTeX 2.9\tex\latex\oberdiek\auxhook.sty"
Package: auxhook 2011/03/04 v1.3 Hooks for auxiliary files (HO)
)
("C:\Program Files (x86)\MiKTeX 2.9\tex\latex\oberdiek\kvoptions.sty"
Package: kvoptions 2011/06/30 v3.11 Key value format for package options (HO)
)
\@linkdim=\dimen109
\Hy@linkcounter=\count88
\Hy@pagecounter=\count89

("C:\Program Files (x86)\MiKTeX 2.9\tex\latex\hyperref\pd1enc.def"
File: pd1enc.def 2012/11/06 v6.83m Hyperref: PDFDocEncoding definition (HO)
)
\Hy@SavedSpaceFactor=\count90

("C:\Program Files (x86)\MiKTeX 2.9\tex\latex\00miktex\hyperref.cfg"
File: hyperref.cfg 2002/06/06 v1.2 hyperref configuration of TeXLive
)
Package hyperref Info: Hyper figures OFF on input line 4443.
Package hyperref Info: Link nesting OFF on input line 4448.
Package hyperref Info: Hyper index ON on input line 4451.
Package hyperref Info: Plain pages OFF on input line 4458.
Package hyperref Info: Backreferencing OFF on input line 4463.
Package hyperref Info: Implicit mode ON; LaTeX internals redefined.
Package hyperref Info: Bookmarks ON on input line 4688.
\c@Hy@tempcnt=\count91

(C:\Users\cwardell\AppData\Roaming\MiKTeX\2.9\tex\latex\url\url.sty
\Urlmuskip=\muskip10
Package: url 2013/09/16  ver 3.4  Verb mode for urls, etc.
)
LaTeX Info: Redefining \url on input line 5041.
\XeTeXLinkMargin=\dimen110
\Fld@menulength=\count92
\Field@Width=\dimen111
\Fld@charsize=\dimen112
Package hyperref Info: Hyper figures OFF on input line 6295.
Package hyperref Info: Link nesting OFF on input line 6300.
Package hyperref Info: Hyper index ON on input line 6303.
Package hyperref Info: backreferencing OFF on input line 6310.
Package hyperref Info: Link coloring OFF on input line 6315.
Package hyperref Info: Link coloring with OCG OFF on input line 6320.
Package hyperref Info: PDF/A mode OFF on input line 6325.
LaTeX Info: Redefining \ref on input line 6365.
LaTeX Info: Redefining \pageref on input line 6369.
\Hy@abspage=\count93
\c@Item=\count94
\c@Hfootnote=\count95
)

Package hyperref Message: Driver (autodetected): hpdftex.

("C:\Program Files (x86)\MiKTeX 2.9\tex\latex\hyperref\hpdftex.def"
File: hpdftex.def 2012/11/06 v6.83m Hyperref driver for pdfTeX
\Fld@listcount=\count96
\c@bookmark@seq@number=\count97

("C:\Program Files (x86)\MiKTeX 2.9\tex\latex\oberdiek\rerunfilecheck.sty"
Package: rerunfilecheck 2011/04/15 v1.7 Rerun checks for auxiliary files (HO)
Package uniquecounter Info: New unique counter `rerunfilecheck' on input line 2
82.
)
\Hy@SectionHShift=\skip44
)
("C:\Program Files (x86)\MiKTeX 2.9\tex\latex\float\float.sty"
Package: float 2001/11/08 v1.3d Float enhancements (AL)
\c@float@type=\count98
\float@exts=\toks15
\float@box=\box26
\@float@everytoks=\toks16
\@floatcapt=\box27
)
(C:\Users\cwardell\AppData\Roaming\MiKTeX\2.9\tex\latex\xcolor\xcolor.sty
Package: xcolor 2007/01/21 v2.11 LaTeX color extensions (UK)

("C:\Program Files (x86)\MiKTeX 2.9\tex\latex\00miktex\color.cfg"
File: color.cfg 2007/01/18 v1.5 color configuration of teTeX/TeXLive
)
Package xcolor Info: Driver file: pdftex.def on input line 225.
LaTeX Info: Redefining \color on input line 702.
Package xcolor Info: Model `cmy' substituted by `cmy0' on input line 1337.
Package xcolor Info: Model `hsb' substituted by `rgb' on input line 1341.
Package xcolor Info: Model `RGB' extended on input line 1353.
Package xcolor Info: Model `HTML' substituted by `rgb' on input line 1355.
Package xcolor Info: Model `Hsb' substituted by `hsb' on input line 1356.
Package xcolor Info: Model `tHsb' substituted by `hsb' on input line 1357.
Package xcolor Info: Model `HSB' substituted by `hsb' on input line 1358.
Package xcolor Info: Model `Gray' substituted by `gray' on input line 1359.
Package xcolor Info: Model `wave' substituted by `hsb' on input line 1360.
)
(C:\Users\cwardell\AppData\Roaming\MiKTeX\2.9\tex\latex\a4wide\a4wide.sty
Package: a4wide 1994/08/30

(C:\Users\cwardell\AppData\Roaming\MiKTeX\2.9\tex\latex\ntgclass\a4.sty
Package: a4 2004/04/15 v1.2g A4 based page layout
))
(C:\Users\cwardell\AppData\Roaming\MiKTeX\2.9\tex\latex\biblatex\biblatex.sty
Package: biblatex 2013/11/25 v2.8a programmable bibliographies (PK/JW/AB)

(C:\Users\cwardell\AppData\Roaming\MiKTeX\2.9\tex\latex\biblatex\biblatex1.sty
Package: biblatex1 2013/11/25 v2.8a programmable bibliographies (bibtex) (PK/JW
/AB)

(C:\Users\cwardell\AppData\Roaming\MiKTeX\2.9\tex\latex\etoolbox\etoolbox.sty
Package: etoolbox 2011/01/03 v2.1 e-TeX tools for LaTeX

("C:\Program Files (x86)\MiKTeX 2.9\tex\latex\misc\etex.sty"
Package: etex 1998/03/26 v2.0 eTeX basic definition package (PEB)
\et@xins=\count99
)
\etb@tempcnta=\count100
)
(C:\Users\cwardell\AppData\Roaming\MiKTeX\2.9\tex\latex\logreq\logreq.sty
Package: logreq 2010/08/04 v1.0 xml request logger
\lrq@indent=\count101

(C:\Users\cwardell\AppData\Roaming\MiKTeX\2.9\tex\latex\logreq\logreq.def
File: logreq.def 2010/08/04 v1.0 logreq spec v1.0
))
("C:\Program Files (x86)\MiKTeX 2.9\tex\latex\base\ifthen.sty"
Package: ifthen 2001/05/26 v1.1c Standard LaTeX ifthen package (DPC)
)
\c@tabx@nest=\count102
\c@listtotal=\count103
\c@listcount=\count104
\c@liststart=\count105
\c@liststop=\count106
\c@citecount=\count107
\c@citetotal=\count108
\c@multicitecount=\count109
\c@multicitetotal=\count110
\c@instcount=\count111
\c@maxnames=\count112
\c@minnames=\count113
\c@maxitems=\count114
\c@minitems=\count115
\c@citecounter=\count116
\c@savedcitecounter=\count117
\c@uniquelist=\count118
\c@uniquename=\count119
\c@refsection=\count120
\c@refsegment=\count121
\c@maxextrayear=\count122
\c@maxextraalpha=\count123
\c@abbrvpenalty=\count124
\c@highnamepenalty=\count125
\c@lownamepenalty=\count126
\c@maxparens=\count127
\c@parenlevel=\count128
\blx@tempcnta=\count129
\blx@tempcntb=\count130
\blx@tempcntc=\count131
\blx@maxsection=\count132
\blx@maxsegment=\count133
\blx@notetype=\count134
\blx@parenlevel@text=\count135
\blx@parenlevel@foot=\count136
\labelnumberwidth=\skip45
\labelalphawidth=\skip46
\shorthandwidth=\skip47
\biblabelsep=\skip48
\bibitemsep=\skip49
\bibnamesep=\skip50
\bibinitsep=\skip51
\bibparsep=\skip52
\bibhang=\skip53
\blx@auxin=\read1
\blx@auxout=\write3
\c@mincomprange=\count137
\c@maxcomprange=\count138
\c@mincompwidth=\count139
\c@labelname=\count140
\c@savedlabelname=\count141
\c@author=\count142
\c@savedauthor=\count143
\c@shortauthor=\count144
\c@savedshortauthor=\count145
\c@editor=\count146
\c@savededitor=\count147
\c@editora=\count148
\c@savededitora=\count149
\c@editorb=\count150
\c@savededitorb=\count151
\c@editorc=\count152
\c@savededitorc=\count153
\c@shorteditor=\count154
\c@savedshorteditor=\count155
\c@bookauthor=\count156
\c@savedbookauthor=\count157
\c@translator=\count158
\c@savedtranslator=\count159
\c@annotator=\count160
\c@savedannotator=\count161
\c@commentator=\count162
\c@savedcommentator=\count163
\c@introduction=\count164
\c@savedintroduction=\count165
\c@foreword=\count166
\c@savedforeword=\count167
\c@afterword=\count168
\c@savedafterword=\count169
\c@holder=\count170
\c@savedholder=\count171
\c@namea=\count172
\c@savednamea=\count173
\c@nameb=\count174
\c@savednameb=\count175
\c@namec=\count176
\c@savednamec=\count177
\c@institution=\count178
\c@savedinstitution=\count179
\c@language=\count180
\c@savedlanguage=\count181
\c@location=\count182
\c@savedlocation=\count183
\c@organization=\count184
\c@savedorganization=\count185
\c@origlocation=\count186
\c@savedoriglocation=\count187
\c@origpublisher=\count188
\c@savedorigpublisher=\count189
\c@pageref=\count190
\c@savedpageref=\count191
\c@publisher=\count192
\c@savedpublisher=\count193
\c@lista=\count194
\c@savedlista=\count195
\c@listb=\count196
\c@savedlistb=\count197
\c@listc=\count198
\c@savedlistc=\count199
\c@listd=\count200
\c@savedlistd=\count201
\c@liste=\count202
\c@savedliste=\count203
\c@listf=\count204
\c@savedlistf=\count205
Package biblatex Info: Trying to load compatibility code...
Package biblatex Info: ... file 'blx-compat.def' found.

(C:\Users\cwardell\AppData\Roaming\MiKTeX\2.9\tex\latex\biblatex\blx-compat.def
File: blx-compat.def 2013/11/25 v2.8a biblatex compatibility (PK/JW/AB)
)
Package biblatex Info: Trying to load generic definitions...
Package biblatex Info: ... file 'biblatex.def' found.
 (C:\Users\cwardell\AppData\Roaming\MiKTeX\2.9\tex\latex\biblatex\biblatex.def
File: biblatex.def 
\c@textcitecount=\count206
\c@textcitetotal=\count207
\c@textcitemaxnames=\count208
\c@biburlnumpenalty=\count209
\c@biburlucpenalty=\count210
\c@biburllcpenalty=\count211
\c@smartand=\count212
)
Package biblatex Info: Trying to load bibliography style 'numeric'...
Package biblatex Info: ... file 'numeric.bbx' found.

(C:\Users\cwardell\AppData\Roaming\MiKTeX\2.9\tex\latex\biblatex\bbx\numeric.bb
x
File: numeric.bbx 2013/11/25 v2.8a biblatex bibliography style (PK/JW/AB)
Package biblatex Info: Trying to load bibliography style 'standard'...
Package biblatex Info: ... file 'standard.bbx' found.

(C:\Users\cwardell\AppData\Roaming\MiKTeX\2.9\tex\latex\biblatex\bbx\standard.b
bx
File: standard.bbx 2013/11/25 v2.8a biblatex bibliography style (PK/JW/AB)
\c@bbx:relatedcount=\count213
\c@bbx:relatedtotal=\count214
))
Package biblatex Info: Trying to load citation style 'numeric'...
Package biblatex Info: ... file 'numeric.cbx' found.

(C:\Users\cwardell\AppData\Roaming\MiKTeX\2.9\tex\latex\biblatex\cbx\numeric.cb
x
File: numeric.cbx 2013/11/25 v2.8a biblatex citation style (PK/JW/AB)
Package biblatex Info: Redefining '\cite'.
Package biblatex Info: Redefining '\parencite'.
Package biblatex Info: Redefining '\footcite'.
Package biblatex Info: Redefining '\footcitetext'.
Package biblatex Info: Redefining '\smartcite'.
Package biblatex Info: Redefining '\supercite'.
Package biblatex Info: Redefining '\textcite'.
Package biblatex Info: Redefining '\textcites'.
Package biblatex Info: Redefining '\cites'.
Package biblatex Info: Redefining '\parencites'.
Package biblatex Info: Redefining '\smartcites'.
)
Package biblatex Info: Trying to load configuration file...
Package biblatex Info: ... file 'biblatex.cfg' found.

(C:\Users\cwardell\AppData\Roaming\MiKTeX\2.9\tex\latex\biblatex\biblatex.cfg
File: biblatex.cfg 
)))
Package hyperref Info: Option `colorlinks' set `true' on input line 82.
 (C:\Users\cwardell\AppData\Roaming\MiKTeX\2.9\tex\latex\upquote\upquote.sty
Package: upquote 2012/04/19 v1.3 upright-quote and grave-accent glyphs in verba
tim
)
Package biblatex Info: Trying to load language 'english'...
Package biblatex Info: ... file 'english.lbx' found.

(C:\Users\cwardell\AppData\Roaming\MiKTeX\2.9\tex\latex\biblatex\lbx\english.lb
x
File: english.lbx 2013/11/25 v2.8a biblatex localization (PK/JW/AB)
)
\@quotelevel=\count215
\@quotereset=\count216

(N:\MORGAN\ChrisW\documents\projects\131213_gaga\GAGA\vignettes\GAGA_vignette.a
ux)
LaTeX Font Info:    Checking defaults for OML/cmm/m/it on input line 85.
LaTeX Font Info:    ... okay on input line 85.
LaTeX Font Info:    Checking defaults for T1/cmr/m/n on input line 85.
LaTeX Font Info:    ... okay on input line 85.
LaTeX Font Info:    Checking defaults for OT1/cmr/m/n on input line 85.
LaTeX Font Info:    ... okay on input line 85.
LaTeX Font Info:    Checking defaults for OMS/cmsy/m/n on input line 85.
LaTeX Font Info:    ... okay on input line 85.
LaTeX Font Info:    Checking defaults for OMX/cmex/m/n on input line 85.
LaTeX Font Info:    ... okay on input line 85.
LaTeX Font Info:    Checking defaults for U/cmr/m/n on input line 85.
LaTeX Font Info:    ... okay on input line 85.
LaTeX Font Info:    Checking defaults for PD1/pdf/m/n on input line 85.
LaTeX Font Info:    ... okay on input line 85.

(C:\Users\cwardell\AppData\Roaming\MiKTeX\2.9\tex\context\base\supp-pdf.mkii
[Loading MPS to PDF converter (version 2006.09.02).]
\scratchcounter=\count217
\scratchdimen=\dimen113
\scratchbox=\box28
\nofMPsegments=\count218
\nofMParguments=\count219
\everyMPshowfont=\toks17
\MPscratchCnt=\count220
\MPscratchDim=\dimen114
\MPnumerator=\count221
\makeMPintoPDFobject=\count222
\everyMPtoPDFconversion=\toks18
)
\AtBeginShipoutBox=\box29
Package hyperref Info: Link coloring ON on input line 85.
 ("C:\Program Files (x86)\MiKTeX 2.9\tex\latex\hyperref\nameref.sty"
Package: nameref 2012/10/27 v2.43 Cross-referencing by name of section

("C:\Program Files (x86)\MiKTeX 2.9\tex\generic\oberdiek\gettitlestring.sty"
Package: gettitlestring 2010/12/03 v1.4 Cleanup title references (HO)
)
\c@section@level=\count223
)
LaTeX Info: Redefining \ref on input line 85.
LaTeX Info: Redefining \pageref on input line 85.
LaTeX Info: Redefining \nameref on input line 85.

(N:\MORGAN\ChrisW\documents\projects\131213_gaga\GAGA\vignettes\GAGA_vignette.o
ut)
(N:\MORGAN\ChrisW\documents\projects\131213_gaga\GAGA\vignettes\GAGA_vignette.o
ut)
\@outlinefile=\write4
Package biblatex Info: No input encoding detected.
(biblatex)             Assuming 'ascii'.
Package biblatex Info: Automatic encoding selection.
(biblatex)             Assuming data encoding 'ascii'.
Package biblatex Info: Trying to load bibliographic data...
Package biblatex Info: ... file 'GAGA_vignette.bbl' found.

(N:\MORGAN\ChrisW\documents\projects\131213_gaga\GAGA\vignettes\GAGA_vignette.b
bl)
Package biblatex Info: Reference section=0 on input line 85.
Package biblatex Info: Reference segment=0 on input line 85.
LaTeX Font Info:    External font `cmex10' loaded for size
(Font)              <12> on input line 97.
LaTeX Font Info:    External font `cmex10' loaded for size
(Font)              <8> on input line 97.
LaTeX Font Info:    External font `cmex10' loaded for size
(Font)              <6> on input line 97.


Package xcolor Warning: Incompatible color definition on input line 105.

LaTeX Font Info:    Font shape `OT1/cmtt/bx/n' in size <10> not available
(Font)              Font shape `OT1/cmtt/m/n' tried instead on input line 108.
[1

{C:/Users/cwardell/AppData/Local/MiKTeX/2.9/pdftex/config/pdftex.map}]
(N:\MORGAN\ChrisW\documents\projects\131213_gaga\GAGA\vignettes\GAGA_vignette.t
oc
LaTeX Font Info:    External font `cmex10' loaded for size
(Font)              <7> on input line 7.
LaTeX Font Info:    External font `cmex10' loaded for size
(Font)              <5> on input line 7.
)
\tf@toc=\write5
 [2]
Underfull \hbox (badness 10000) in paragraph at lines 147--157

 []


Underfull \hbox (badness 10000) in paragraph at lines 147--157

 []


Underfull \hbox (badness 10000) in paragraph at lines 147--157

 []

[3]

Package xcolor Warning: Incompatible color definition on input line 159.


! LaTeX Error: There's no line here to end.

See the LaTeX manual or LaTeX Companion for explanation.
Type  H <return>  for immediate help.
 ...                                              
                                                  
l.188 \newline
              
Your command was ignored.
Type  I <command> <return>  to replace it with another command,
or  <return>  to continue without it.


! LaTeX Error: There's no line here to end.

See the LaTeX manual or LaTeX Companion for explanation.
Type  H <return>  for immediate help.
 ...                                              
                                                  
l.189 \newline
              
Your command was ignored.
Type  I <command> <return>  to replace it with another command,
or  <return>  to continue without it.

[4]

Package xcolor Warning: Incompatible color definition on input line 223.


Package xcolor Warning: Incompatible color definition on input line 238.


Package xcolor Warning: Incompatible color definition on input line 263.

[5]

Package xcolor Warning: Incompatible color definition on input line 276.


Package xcolor Warning: Incompatible color definition on input line 302.

<gaga_simple_data_phylogeny.png, id=122, 932.48375pt x 619.31375pt>
File: gaga_simple_data_phylogeny.png Graphic file (type png)

<use gaga_simple_data_phylogeny.png>
Package pdftex.def Info: gaga_simple_data_phylogeny.png used on input line 325.

(pdftex.def)             Requested size: 424.58624pt x 281.98665pt.
 [6]
<gaga_simple_data_heatmap.png, id=127, 932.48375pt x 619.31375pt>
File: gaga_simple_data_heatmap.png Graphic file (type png)

<use gaga_simple_data_heatmap.png>
Package pdftex.def Info: gaga_simple_data_heatmap.png used on input line 331.
(pdftex.def)             Requested size: 424.58624pt x 281.98665pt.
 [7pdfTeX warning (ext4): destination with the same identifier (name{figure.1})
 has been already used, duplicate ignored

\AtBegShi@Output ...ipout \box \AtBeginShipoutBox 
                                                  \fi \fi 
l.335 
       <N:/MORGAN/ChrisW/documents/projects/131213_gaga/GAGA/vignettes/gaga_sim
ple_data_phylogeny.png>]
<gaga_simple_data_proportions.png, id=135, 932.48375pt x 619.31375pt>
File: gaga_simple_data_proportions.png Graphic file (type png)

<use gaga_simple_data_proportions.png>
Package pdftex.def Info: gaga_simple_data_proportions.png used on input line 33
8.
(pdftex.def)             Requested size: 424.58624pt x 281.98665pt.
 [8pdfTeX warning (ext4): destination with the same identifier (name{figure.2})
 has been already used, duplicate ignored

\AtBegShi@Output ...ipout \box \AtBeginShipoutBox 
                                                  \fi \fi 
l.342 
       <N:/MORGAN/ChrisW/documents/projects/131213_gaga/GAGA/vignettes/gaga_sim
ple_data_heatmap.png>]

Package xcolor Warning: Incompatible color definition on input line 347.


Package xcolor Warning: Incompatible color definition on input line 372.

[9pdfTeX warning (ext4): destination with the same identifier (name{figure.3}) 
has been already used, duplicate ignored

\AtBegShi@Output ...ipout \box \AtBeginShipoutBox 
                                                  \fi \fi 
l.382 \end{kframe}
                   <N:/MORGAN/ChrisW/documents/projects/131213_gaga/GAGA/vignet
tes/gaga_simple_data_proportions.png>]
Overfull \hbox (74.15941pt too wide) in paragraph at lines 387--387
[]     \OT1/cmtt/m/n/10 x1 x2 x3 x4 x5 x6 x7 x8 x9 x10 x11 x12 x13 x14 x15 x16 
x17 x18 x19 x20 x21 x22 x23 x24 x25[] 
 []


Overfull \hbox (74.15941pt too wide) in paragraph at lines 388--388
[]\OT1/cmtt/m/n/10 [1,]  0  1  2  2  4 29  0  0  0   0   8   0   3   5   0   0 
  0   6   2  12   1   2   4   3   5[] 
 []


Package xcolor Warning: Incompatible color definition on input line 392.

<gaga_hidden_data_phylogeny.png, id=148, 728.7225pt x 619.31375pt>
File: gaga_hidden_data_phylogeny.png Graphic file (type png)

<use gaga_hidden_data_phylogeny.png>
Package pdftex.def Info: gaga_hidden_data_phylogeny.png used on input line 409.

(pdftex.def)             Requested size: 424.58624pt x 360.83707pt.
 [10]
<gaga_hidden_data_heatmap.png, id=153, 728.7225pt x 619.31375pt>
File: gaga_hidden_data_heatmap.png Graphic file (type png)

<use gaga_hidden_data_heatmap.png>
Package pdftex.def Info: gaga_hidden_data_heatmap.png used on input line 415.
(pdftex.def)             Requested size: 424.58624pt x 360.83707pt.
 [11pdfTeX warning (ext4): destination with the same identifier (name{figure.4}
) has been already used, duplicate ignored

\AtBegShi@Output ...ipout \box \AtBeginShipoutBox 
                                                  \fi \fi 
l.418 
       <N:/MORGAN/ChrisW/documents/projects/131213_gaga/GAGA/vignettes/gaga_hid
den_data_phylogeny.png>]
<gaga_hidden_data_proportions.png, id=160, 728.7225pt x 619.31375pt>
File: gaga_hidden_data_proportions.png Graphic file (type png)

<use gaga_hidden_data_proportions.png>
Package pdftex.def Info: gaga_hidden_data_proportions.png used on input line 42
1.
(pdftex.def)             Requested size: 424.58624pt x 360.83707pt.
 [12pdfTeX warning (ext4): destination with the same identifier (name{figure.5}
) has been already used, duplicate ignored

\AtBegShi@Output ...ipout \box \AtBeginShipoutBox 
                                                  \fi \fi 
l.424 
       <N:/MORGAN/ChrisW/documents/projects/131213_gaga/GAGA/vignettes/gaga_hid
den_data_heatmap.png>]

Package xcolor Warning: Incompatible color definition on input line 431.


Overfull \hbox (5.91pt too wide) in paragraph at lines 442--442
[][]\OT1/cmtt/m/n/10 syntheticDataSolution[] []=[] []gaga[][](gaga_synthetic_da
ta,[] []number_of_clones[] []=[] []6[][],[] []nroot[] []=[] []1[][],[][] 
 []

[13pdfTeX warning (ext4): destination with the same identifier (name{figure.6})
 has been already used, duplicate ignored

\AtBegShi@Output ...ipout \box \AtBeginShipoutBox 
                                                  \fi \fi 
l.454 \end{kframe}
                   <N:/MORGAN/ChrisW/documents/projects/131213_gaga/GAGA/vignet
tes/gaga_hidden_data_proportions.png>]
<gaga_synthetic_data_phylogeny.png, id=174, 481.8pt x 481.8pt>
File: gaga_synthetic_data_phylogeny.png Graphic file (type png)

<use gaga_synthetic_data_phylogeny.png>
Package pdftex.def Info: gaga_synthetic_data_phylogeny.png used on input line 4
60.
(pdftex.def)             Requested size: 424.58624pt x 424.59549pt.

<gaga_synthetic_data_heatmap.png, id=175, 481.8pt x 481.8pt>
File: gaga_synthetic_data_heatmap.png Graphic file (type png)

<use gaga_synthetic_data_heatmap.png>
Package pdftex.def Info: gaga_synthetic_data_heatmap.png used on input line 466
.
(pdftex.def)             Requested size: 424.58624pt x 424.59549pt.
 [14pdfTeX warning (ext4): destination with the same identifier (name{figure.7}
) has been already used, duplicate ignored

\AtBegShi@Output ...ipout \box \AtBeginShipoutBox 
                                                  \fi \fi 
l.469 
       <N:/MORGAN/ChrisW/documents/projects/131213_gaga/GAGA/vignettes/gaga_syn
thetic_data_phylogeny.png (PNG copy)>]
<gaga_synthetic_data_proportions.png, id=181, 481.8pt x 481.8pt>
File: gaga_synthetic_data_proportions.png Graphic file (type png)

<use gaga_synthetic_data_proportions.png>
Package pdftex.def Info: gaga_synthetic_data_proportions.png used on input line
 472.
(pdftex.def)             Requested size: 424.58624pt x 424.59549pt.
 [15pdfTeX warning (ext4): destination with the same identifier (name{figure.8}
) has been already used, duplicate ignored

\AtBegShi@Output ...ipout \box \AtBeginShipoutBox 
                                                  \fi \fi 
l.475 
       <N:/MORGAN/ChrisW/documents/projects/131213_gaga/GAGA/vignettes/gaga_syn
thetic_data_heatmap.png (PNG copy)>] [16pdfTeX warning (ext4): destination with
 the same identifier (name{figure.9}) has been already used, duplicate ignored

\AtBegShi@Output ...ipout \box \AtBeginShipoutBox 
                                                  \fi \fi 
l.492 
       <N:/MORGAN/ChrisW/documents/projects/131213_gaga/GAGA/vignettes/gaga_syn
thetic_data_proportions.png>]

Package xcolor Warning: Incompatible color definition on input line 495.

Package atveryend Info: Empty hook `BeforeClearDocument' on input line 528.
[17]
Package atveryend Info: Empty hook `AfterLastShipout' on input line 528.

(N:\MORGAN\ChrisW\documents\projects\131213_gaga\GAGA\vignettes\GAGA_vignette.a
ux)
Package atveryend Info: Executing hook `AtVeryEndDocument' on input line 528.
Package atveryend Info: Executing hook `AtEndAfterFileList' on input line 528.
Package rerunfilecheck Info: File `GAGA_vignette.out' has not changed.
(rerunfilecheck)             Checksum: B4501D68524117C72823CF3ABA9F3DF6;1052.
Package logreq Info: Writing requests to 'GAGA_vignette.run.xml'.
Package atveryend Info: Empty hook `AtVeryVeryEnd' on input line 528.
 ) 
Here is how much of TeX's memory you used:
 10643 strings out of 493921
 170075 string characters out of 3144867
 362993 words of memory out of 3000000
 13770 multiletter control sequences out of 15000+200000
 8577 words of font info for 31 fonts, out of 3000000 for 9000
 841 hyphenation exceptions out of 8191
 37i,6n,49p,919b,860s stack positions out of 5000i,500n,10000p,200000b,50000s
<C:/Program Files (x86)/MiKTeX 2.9/fonts/type1/public/amsfonts/cm/cmbx10.pfb>
<C:/Program Files (x86)/MiKTeX 2.9/fonts/type1/public/amsfonts/cm/cmbx12.pfb><C
:/Program Files (x86)/MiKTeX 2.9/fonts/type1/public/amsfonts/cm/cmitt10.pfb><C:
/Program Files (x86)/MiKTeX 2.9/fonts/type1/public/amsfonts/cm/cmr10.pfb><C:/Pr
ogram Files (x86)/MiKTeX 2.9/fonts/type1/public/amsfonts/cm/cmr12.pfb><C:/Progr
am Files (x86)/MiKTeX 2.9/fonts/type1/public/amsfonts/cm/cmr17.pfb><C:/Program 
Files (x86)/MiKTeX 2.9/fonts/type1/public/amsfonts/cm/cmti10.pfb><C:/Program Fi
les (x86)/MiKTeX 2.9/fonts/type1/public/amsfonts/cm/cmtt10.pfb>
Output written on GAGA_vignette.pdf (17 pages, 247302 bytes).
PDF statistics:
 243 PDF objects out of 1000 (max. 8388607)
 59 named destinations out of 1000 (max. 500000)
 166 words of extra memory for PDF output out of 10000 (max. 10000000)

